[2026-01-19 13:22:26.447] INFO  [background-preinit] o.h.validator.internal.util.Version - HV000001: Hibernate Validator 8.0.2.Final
[2026-01-19 13:22:26.603] INFO  [restartedMain] c.m.p.PingpongLeagueApplication - Starting PingpongLeagueApplication using Java 17.0.17 with PID 10723 (/mnt/c/project/pingpong-league/build/classes/java/main started by maniasin in /mnt/c/project/pingpong-league)
[2026-01-19 13:22:26.604] DEBUG [restartedMain] c.m.p.PingpongLeagueApplication - Running with Spring Boot v3.5.3, Spring v6.2.8
[2026-01-19 13:22:26.605] INFO  [restartedMain] c.m.p.PingpongLeagueApplication - The following 1 profile is active: "dev"
[2026-01-19 13:22:26.762] INFO  [restartedMain] o.s.b.d.e.DevToolsPropertyDefaultsPostProcessor - Devtools property defaults active! Set 'spring.devtools.add-properties' to 'false' to disable
[2026-01-19 13:22:26.762] INFO  [restartedMain] o.s.b.d.e.DevToolsPropertyDefaultsPostProcessor - For additional web related logging consider setting the 'logging.level.web' property to 'DEBUG'
[2026-01-19 13:22:30.126] WARN  [restartedMain] o.s.b.w.s.c.AnnotationConfigServletWebServerApplicationContext - Exception encountered during context initialization - cancelling refresh attempt: org.springframework.beans.factory.support.BeanDefinitionOverrideException: Invalid bean definition with name 'crawlerJobExecutor' defined in class path resource [com/maniasin/pingpongleague/config/CrawlerConfig.class]: Cannot register bean definition [Root bean: class=null; scope=; abstract=false; lazyInit=null; autowireMode=3; dependencyCheck=0; autowireCandidate=true; primary=false; fallback=false; factoryBeanName=crawlerConfig; factoryMethodName=crawlerJobExecutor; initMethodNames=null; destroyMethodNames=[(inferred)]; defined in class path resource [com/maniasin/pingpongleague/config/CrawlerConfig.class]] for bean 'crawlerJobExecutor' since there is already [Root bean: class=null; scope=; abstract=false; lazyInit=null; autowireMode=3; dependencyCheck=0; autowireCandidate=true; primary=false; fallback=false; factoryBeanName=crawlerAsyncConfig; factoryMethodName=crawlerJobExecutor; initMethodNames=null; destroyMethodNames=[(inferred)]; defined in class path resource [com/maniasin/pingpongleague/config/CrawlerAsyncConfig.class]] bound.
[2026-01-19 13:22:30.137] INFO  [restartedMain] o.s.b.a.l.ConditionEvaluationReportLogger - 

Error starting ApplicationContext. To display the condition evaluation report re-run your application with 'debug' enabled.
[2026-01-19 13:22:30.288] ERROR [restartedMain] o.s.b.d.LoggingFailureAnalysisReporter - 

***************************
APPLICATION FAILED TO START
***************************

Description:

The bean 'crawlerJobExecutor', defined in class path resource [com/maniasin/pingpongleague/config/CrawlerConfig.class], could not be registered. A bean with that name has already been defined in class path resource [com/maniasin/pingpongleague/config/CrawlerAsyncConfig.class] and overriding is disabled.

Action:

Consider renaming one of the beans or enabling overriding by setting spring.main.allow-bean-definition-overriding=true

[2026-01-19 13:22:38.420] INFO  [background-preinit] o.h.validator.internal.util.Version - HV000001: Hibernate Validator 8.0.2.Final
[2026-01-19 13:22:38.585] INFO  [restartedMain] c.m.p.PingpongLeagueApplication - Starting PingpongLeagueApplication using Java 17.0.17 with PID 10924 (/mnt/c/project/pingpong-league/build/classes/java/main started by maniasin in /mnt/c/project/pingpong-league)
[2026-01-19 13:22:38.585] DEBUG [restartedMain] c.m.p.PingpongLeagueApplication - Running with Spring Boot v3.5.3, Spring v6.2.8
[2026-01-19 13:22:38.586] INFO  [restartedMain] c.m.p.PingpongLeagueApplication - The following 1 profile is active: "dev"
[2026-01-19 13:22:38.726] INFO  [restartedMain] o.s.b.d.e.DevToolsPropertyDefaultsPostProcessor - Devtools property defaults active! Set 'spring.devtools.add-properties' to 'false' to disable
[2026-01-19 13:22:38.726] INFO  [restartedMain] o.s.b.d.e.DevToolsPropertyDefaultsPostProcessor - For additional web related logging consider setting the 'logging.level.web' property to 'DEBUG'
[2026-01-19 13:22:42.089] WARN  [restartedMain] o.s.b.w.s.c.AnnotationConfigServletWebServerApplicationContext - Exception encountered during context initialization - cancelling refresh attempt: org.springframework.beans.factory.support.BeanDefinitionOverrideException: Invalid bean definition with name 'crawlerJobExecutor' defined in class path resource [com/maniasin/pingpongleague/config/CrawlerConfig.class]: Cannot register bean definition [Root bean: class=null; scope=; abstract=false; lazyInit=null; autowireMode=3; dependencyCheck=0; autowireCandidate=true; primary=false; fallback=false; factoryBeanName=crawlerConfig; factoryMethodName=crawlerJobExecutor; initMethodNames=null; destroyMethodNames=[(inferred)]; defined in class path resource [com/maniasin/pingpongleague/config/CrawlerConfig.class]] for bean 'crawlerJobExecutor' since there is already [Root bean: class=null; scope=; abstract=false; lazyInit=null; autowireMode=3; dependencyCheck=0; autowireCandidate=true; primary=false; fallback=false; factoryBeanName=crawlerAsyncConfig; factoryMethodName=crawlerJobExecutor; initMethodNames=null; destroyMethodNames=[(inferred)]; defined in class path resource [com/maniasin/pingpongleague/config/CrawlerAsyncConfig.class]] bound.
[2026-01-19 13:22:42.103] INFO  [restartedMain] o.s.b.a.l.ConditionEvaluationReportLogger - 

Error starting ApplicationContext. To display the condition evaluation report re-run your application with 'debug' enabled.
[2026-01-19 13:22:42.268] ERROR [restartedMain] o.s.b.d.LoggingFailureAnalysisReporter - 

***************************
APPLICATION FAILED TO START
***************************

Description:

The bean 'crawlerJobExecutor', defined in class path resource [com/maniasin/pingpongleague/config/CrawlerConfig.class], could not be registered. A bean with that name has already been defined in class path resource [com/maniasin/pingpongleague/config/CrawlerAsyncConfig.class] and overriding is disabled.

Action:

Consider renaming one of the beans or enabling overriding by setting spring.main.allow-bean-definition-overriding=true

[2026-01-19 13:37:16.398] INFO  [background-preinit] o.h.validator.internal.util.Version - HV000001: Hibernate Validator 8.0.2.Final
[2026-01-19 13:37:16.539] INFO  [restartedMain] c.m.p.PingpongLeagueApplication - Starting PingpongLeagueApplication using Java 17.0.17 with PID 11452 (/mnt/c/project/pingpong-league/build/classes/java/main started by maniasin in /mnt/c/project/pingpong-league)
[2026-01-19 13:37:16.540] DEBUG [restartedMain] c.m.p.PingpongLeagueApplication - Running with Spring Boot v3.5.3, Spring v6.2.8
[2026-01-19 13:37:16.540] INFO  [restartedMain] c.m.p.PingpongLeagueApplication - The following 1 profile is active: "dev"
[2026-01-19 13:37:16.670] INFO  [restartedMain] o.s.b.d.e.DevToolsPropertyDefaultsPostProcessor - Devtools property defaults active! Set 'spring.devtools.add-properties' to 'false' to disable
[2026-01-19 13:37:16.670] INFO  [restartedMain] o.s.b.d.e.DevToolsPropertyDefaultsPostProcessor - For additional web related logging consider setting the 'logging.level.web' property to 'DEBUG'
[2026-01-19 13:37:21.013] INFO  [restartedMain] o.s.d.r.c.RepositoryConfigurationDelegate - Multiple Spring Data modules found, entering strict repository configuration mode
[2026-01-19 13:37:21.026] INFO  [restartedMain] o.s.d.r.c.RepositoryConfigurationDelegate - Bootstrapping Spring Data JPA repositories in DEFAULT mode.
[2026-01-19 13:37:21.981] INFO  [restartedMain] o.s.d.r.c.RepositoryConfigurationDelegate - Finished Spring Data repository scanning in 919 ms. Found 9 JPA repository interfaces.
[2026-01-19 13:37:22.045] INFO  [restartedMain] o.s.d.r.c.RepositoryConfigurationDelegate - Multiple Spring Data modules found, entering strict repository configuration mode
[2026-01-19 13:37:22.049] INFO  [restartedMain] o.s.d.r.c.RepositoryConfigurationDelegate - Bootstrapping Spring Data Redis repositories in DEFAULT mode.
[2026-01-19 13:37:22.131] INFO  [restartedMain] o.s.d.r.c.RepositoryConfigurationExtensionSupport - Spring Data Redis - Could not safely identify store assignment for repository candidate interface com.maniasin.pingpongleague.repository.AwardRecordRepository; If you want this repository to be a Redis repository, consider annotating your entities with one of these annotations: org.springframework.data.redis.core.RedisHash (preferred), or consider extending one of the following types with your repository: org.springframework.data.keyvalue.repository.KeyValueRepository
[2026-01-19 13:37:22.132] INFO  [restartedMain] o.s.d.r.c.RepositoryConfigurationExtensionSupport - Spring Data Redis - Could not safely identify store assignment for repository candidate interface com.maniasin.pingpongleague.repository.CrawlingCacheRepository; If you want this repository to be a Redis repository, consider annotating your entities with one of these annotations: org.springframework.data.redis.core.RedisHash (preferred), or consider extending one of the following types with your repository: org.springframework.data.keyvalue.repository.KeyValueRepository
[2026-01-19 13:37:22.132] INFO  [restartedMain] o.s.d.r.c.RepositoryConfigurationExtensionSupport - Spring Data Redis - Could not safely identify store assignment for repository candidate interface com.maniasin.pingpongleague.repository.LeagueGroupRepository; If you want this repository to be a Redis repository, consider annotating your entities with one of these annotations: org.springframework.data.redis.core.RedisHash (preferred), or consider extending one of the following types with your repository: org.springframework.data.keyvalue.repository.KeyValueRepository
[2026-01-19 13:37:22.133] INFO  [restartedMain] o.s.d.r.c.RepositoryConfigurationExtensionSupport - Spring Data Redis - Could not safely identify store assignment for repository candidate interface com.maniasin.pingpongleague.repository.LeagueRoomParticipantRepository; If you want this repository to be a Redis repository, consider annotating your entities with one of these annotations: org.springframework.data.redis.core.RedisHash (preferred), or consider extending one of the following types with your repository: org.springframework.data.keyvalue.repository.KeyValueRepository
[2026-01-19 13:37:22.133] INFO  [restartedMain] o.s.d.r.c.RepositoryConfigurationExtensionSupport - Spring Data Redis - Could not safely identify store assignment for repository candidate interface com.maniasin.pingpongleague.repository.LeagueRoomRepository; If you want this repository to be a Redis repository, consider annotating your entities with one of these annotations: org.springframework.data.redis.core.RedisHash (preferred), or consider extending one of the following types with your repository: org.springframework.data.keyvalue.repository.KeyValueRepository
[2026-01-19 13:37:22.133] INFO  [restartedMain] o.s.d.r.c.RepositoryConfigurationExtensionSupport - Spring Data Redis - Could not safely identify store assignment for repository candidate interface com.maniasin.pingpongleague.repository.MatchRepository; If you want this repository to be a Redis repository, consider annotating your entities with one of these annotations: org.springframework.data.redis.core.RedisHash (preferred), or consider extending one of the following types with your repository: org.springframework.data.keyvalue.repository.KeyValueRepository
[2026-01-19 13:37:22.133] INFO  [restartedMain] o.s.d.r.c.RepositoryConfigurationExtensionSupport - Spring Data Redis - Could not safely identify store assignment for repository candidate interface com.maniasin.pingpongleague.repository.PlayerRepository; If you want this repository to be a Redis repository, consider annotating your entities with one of these annotations: org.springframework.data.redis.core.RedisHash (preferred), or consider extending one of the following types with your repository: org.springframework.data.keyvalue.repository.KeyValueRepository
[2026-01-19 13:37:22.134] INFO  [restartedMain] o.s.d.r.c.RepositoryConfigurationExtensionSupport - Spring Data Redis - Could not safely identify store assignment for repository candidate interface com.maniasin.pingpongleague.repository.TournamentRepository; If you want this repository to be a Redis repository, consider annotating your entities with one of these annotations: org.springframework.data.redis.core.RedisHash (preferred), or consider extending one of the following types with your repository: org.springframework.data.keyvalue.repository.KeyValueRepository
[2026-01-19 13:37:22.134] INFO  [restartedMain] o.s.d.r.c.RepositoryConfigurationExtensionSupport - Spring Data Redis - Could not safely identify store assignment for repository candidate interface com.maniasin.pingpongleague.repository.UserRepository; If you want this repository to be a Redis repository, consider annotating your entities with one of these annotations: org.springframework.data.redis.core.RedisHash (preferred), or consider extending one of the following types with your repository: org.springframework.data.keyvalue.repository.KeyValueRepository
[2026-01-19 13:37:22.134] INFO  [restartedMain] o.s.d.r.c.RepositoryConfigurationDelegate - Finished Spring Data repository scanning in 50 ms. Found 0 Redis repository interfaces.
[2026-01-19 13:37:24.543] INFO  [restartedMain] o.s.b.w.e.tomcat.TomcatWebServer - Tomcat initialized with port 8080 (http)
[2026-01-19 13:37:24.574] INFO  [restartedMain] o.a.coyote.http11.Http11NioProtocol - Initializing ProtocolHandler ["http-nio-8080"]
[2026-01-19 13:37:24.580] INFO  [restartedMain] o.a.catalina.core.StandardService - Starting service [Tomcat]
[2026-01-19 13:37:24.580] INFO  [restartedMain] o.a.catalina.core.StandardEngine - Starting Servlet engine: [Apache Tomcat/10.1.42]
[2026-01-19 13:37:24.684] INFO  [restartedMain] o.a.c.c.C.[Tomcat].[localhost].[/] - Initializing Spring embedded WebApplicationContext
[2026-01-19 13:37:24.685] INFO  [restartedMain] o.s.b.w.s.c.ServletWebServerApplicationContext - Root WebApplicationContext: initialization completed in 8014 ms
[2026-01-19 13:37:25.226] INFO  [restartedMain] o.h.jpa.internal.util.LogHelper - HHH000204: Processing PersistenceUnitInfo [name: default]
[2026-01-19 13:37:25.602] INFO  [restartedMain] org.hibernate.Version - HHH000412: Hibernate ORM core version 6.6.18.Final
[2026-01-19 13:37:25.801] INFO  [restartedMain] o.h.c.i.RegionFactoryInitiator - HHH000026: Second-level cache disabled
[2026-01-19 13:37:27.684] INFO  [restartedMain] o.s.o.j.p.SpringPersistenceUnitInfo - No LoadTimeWeaver setup: ignoring JPA class transformer
[2026-01-19 13:37:27.921] INFO  [restartedMain] com.zaxxer.hikari.HikariDataSource - HikariPool-1 - Starting...
[2026-01-19 13:37:28.986] INFO  [restartedMain] com.zaxxer.hikari.pool.HikariPool - HikariPool-1 - Added connection conn0: url=jdbc:h2:file:./h2db/pingpong user=SA
[2026-01-19 13:37:28.994] INFO  [restartedMain] com.zaxxer.hikari.HikariDataSource - HikariPool-1 - Start completed.
[2026-01-19 13:37:29.265] INFO  [restartedMain] o.hibernate.orm.connections.pooling - HHH10001005: Database info:
	Database JDBC URL [Connecting through datasource 'HikariDataSource (HikariPool-1)']
	Database driver: undefined/unknown
	Database version: 2.3.232
	Autocommit mode: undefined/unknown
	Isolation level: undefined/unknown
	Minimum pool size: undefined/unknown
	Maximum pool size: undefined/unknown
[2026-01-19 13:37:34.167] INFO  [restartedMain] o.h.e.t.j.p.i.JtaPlatformInitiator - HHH000489: No JTA platform available (set 'hibernate.transaction.jta.platform' to enable JTA platform integration)
[2026-01-19 13:37:34.374] DEBUG [restartedMain] org.hibernate.SQL - create table crawling_cache (cache_id bigint generated by default as identity, expires_at timestamp(6) not null, last_crawled_at timestamp(6) not null, player_name varchar(255) not null, record_count integer not null, sites_scraped varchar(1000), primary key (cache_id))
[2026-01-19 13:37:34.387] DEBUG [restartedMain] org.hibernate.SQL - create index idx_player_name on crawling_cache (player_name)
[2026-01-19 13:37:34.388] DEBUG [restartedMain] org.hibernate.SQL - create index idx_last_crawled on crawling_cache (last_crawled_at)
[2026-01-19 13:37:34.388] DEBUG [restartedMain] org.hibernate.SQL - alter table if exists crawling_cache drop constraint if exists UK14q4o4tr1kybkscoxxuuvo7x0
[2026-01-19 13:37:34.388] DEBUG [restartedMain] org.hibernate.SQL - alter table if exists crawling_cache add constraint UK14q4o4tr1kybkscoxxuuvo7x0 unique (player_name)
[2026-01-19 13:37:34.414] INFO  [restartedMain] o.s.o.j.LocalContainerEntityManagerFactoryBean - Initialized JPA EntityManagerFactory for persistence unit 'default'
[2026-01-19 13:37:35.503] INFO  [restartedMain] o.s.d.j.r.query.QueryEnhancerFactory - Hibernate is in classpath; If applicable, HQL parser will be used.
[2026-01-19 13:37:37.899] WARN  [restartedMain] o.s.b.a.o.j.JpaBaseConfiguration$JpaWebConfiguration - spring.jpa.open-in-view is enabled by default. Therefore, database queries may be performed during view rendering. Explicitly configure spring.jpa.open-in-view to disable this warning
[2026-01-19 13:37:37.999] INFO  [restartedMain] o.s.b.a.w.s.WelcomePageHandlerMapping - Adding welcome page template: index
[2026-01-19 13:37:38.404] INFO  [restartedMain] o.s.s.c.a.a.c.InitializeUserDetailsBeanManagerConfigurer$InitializeUserDetailsManagerConfigurer - Global AuthenticationManager configured with UserDetailsService bean with name customUserDetailsService
[2026-01-19 13:37:41.047] INFO  [restartedMain] o.s.b.a.h.H2ConsoleAutoConfiguration - H2 console available at '/h2-console'. Database available at 'jdbc:h2:file:./h2db/pingpong'
[2026-01-19 13:37:42.168] INFO  [restartedMain] o.s.b.d.a.OptionalLiveReloadServer - LiveReload server is running on port 35729
[2026-01-19 13:37:42.192] INFO  [restartedMain] o.a.coyote.http11.Http11NioProtocol - Starting ProtocolHandler ["http-nio-8080"]
[2026-01-19 13:37:42.219] INFO  [restartedMain] o.s.b.w.e.tomcat.TomcatWebServer - Tomcat started on port 8080 (http) with context path '/'
[2026-01-19 13:37:42.232] INFO  [restartedMain] c.m.p.PingpongLeagueApplication - Started PingpongLeagueApplication in 27.572 seconds (process running for 28.529)
[2026-01-19 13:37:42.444] DEBUG [restartedMain] org.hibernate.SQL - select count(*) from users u1_0
[2026-01-19 13:37:42.582] DEBUG [restartedMain] org.hibernate.SQL - select u1_0.user_id,u1_0.name,u1_0.nickname,u1_0.password,u1_0.phone,u1_0.username from users u1_0 where u1_0.username=?
[2026-01-19 13:50:44.383] INFO  [http-nio-8080-exec-1] o.a.c.c.C.[Tomcat].[localhost].[/] - Initializing Spring DispatcherServlet 'dispatcherServlet'
[2026-01-19 13:50:44.383] INFO  [http-nio-8080-exec-1] o.s.web.servlet.DispatcherServlet - Initializing Servlet 'dispatcherServlet'
[2026-01-19 13:50:44.385] INFO  [http-nio-8080-exec-1] o.s.web.servlet.DispatcherServlet - Completed initialization in 1 ms
[2026-01-19 13:50:54.620] DEBUG [http-nio-8080-exec-1] org.hibernate.SQL - select u1_0.user_id,u1_0.name,u1_0.nickname,u1_0.password,u1_0.phone,u1_0.username from users u1_0 where u1_0.username=?
[2026-01-19 13:50:54.736] DEBUG [http-nio-8080-exec-1] org.hibernate.SQL - select u1_0.user_id,u1_0.name,u1_0.nickname,u1_0.password,u1_0.phone,u1_0.username from users u1_0 where u1_0.username=?
[2026-01-19 13:51:00.233] DEBUG [http-nio-8080-exec-6] org.hibernate.SQL - select u1_0.user_id,u1_0.name,u1_0.nickname,u1_0.password,u1_0.phone,u1_0.username from users u1_0 where u1_0.username=?
[2026-01-19 13:51:00.288] DEBUG [http-nio-8080-exec-6] org.hibernate.SQL - select u1_0.user_id,u1_0.name,u1_0.nickname,u1_0.password,u1_0.phone,u1_0.username from users u1_0 where u1_0.username=?
[2026-01-19 13:51:22.361] DEBUG [http-nio-8080-exec-1] org.hibernate.SQL - select u1_0.user_id,u1_0.name,u1_0.nickname,u1_0.password,u1_0.phone,u1_0.username from users u1_0 where u1_0.username=?
[2026-01-19 13:51:22.416] DEBUG [http-nio-8080-exec-1] org.hibernate.SQL - select u1_0.user_id,u1_0.name,u1_0.nickname,u1_0.password,u1_0.phone,u1_0.username from users u1_0 where u1_0.username=?
[2026-01-19 13:51:41.029] DEBUG [http-nio-8080-exec-6] org.hibernate.SQL - select u1_0.user_id,u1_0.name,u1_0.nickname,u1_0.password,u1_0.phone,u1_0.username from users u1_0 where u1_0.username=?
[2026-01-19 13:51:41.218] DEBUG [http-nio-8080-exec-9] org.hibernate.SQL - select lr1_0.room_id,lr1_0.advancing_players_per_group,lr1_0.event_date_time,lr1_0.game_type,lr1_0.location,lr1_0.match_format,lr1_0.max_participants,lr1_0.owner_id,o1_0.user_id,o1_0.name,o1_0.nickname,o1_0.password,o1_0.phone,o1_0.username,lr1_0.players_per_group,lr1_0.status,lr1_0.title from league_rooms lr1_0 join users o1_0 on o1_0.user_id=lr1_0.owner_id
[2026-01-19 13:51:41.252] DEBUG [http-nio-8080-exec-9] org.hibernate.SQL - select p1_0.room_id,p1_0.participant_id,p1_0.user_id from league_room_participants p1_0 where p1_0.room_id=?
[2026-01-19 13:51:41.286] DEBUG [http-nio-8080-exec-9] org.hibernate.SQL - select u1_0.user_id,u1_0.name,u1_0.nickname,u1_0.password,u1_0.phone,u1_0.username from users u1_0 where u1_0.user_id=?
[2026-01-19 13:51:41.291] DEBUG [http-nio-8080-exec-9] org.hibernate.SQL - select u1_0.user_id,u1_0.name,u1_0.nickname,u1_0.password,u1_0.phone,u1_0.username from users u1_0 where u1_0.user_id=?
[2026-01-19 13:51:41.292] DEBUG [http-nio-8080-exec-9] org.hibernate.SQL - select u1_0.user_id,u1_0.name,u1_0.nickname,u1_0.password,u1_0.phone,u1_0.username from users u1_0 where u1_0.user_id=?
[2026-01-19 13:51:41.292] DEBUG [http-nio-8080-exec-9] org.hibernate.SQL - select u1_0.user_id,u1_0.name,u1_0.nickname,u1_0.password,u1_0.phone,u1_0.username from users u1_0 where u1_0.user_id=?
[2026-01-19 13:51:41.293] DEBUG [http-nio-8080-exec-9] org.hibernate.SQL - select u1_0.user_id,u1_0.name,u1_0.nickname,u1_0.password,u1_0.phone,u1_0.username from users u1_0 where u1_0.user_id=?
[2026-01-19 13:51:41.293] DEBUG [http-nio-8080-exec-9] org.hibernate.SQL - select u1_0.user_id,u1_0.name,u1_0.nickname,u1_0.password,u1_0.phone,u1_0.username from users u1_0 where u1_0.user_id=?
[2026-01-19 13:51:41.294] DEBUG [http-nio-8080-exec-9] org.hibernate.SQL - select u1_0.user_id,u1_0.name,u1_0.nickname,u1_0.password,u1_0.phone,u1_0.username from users u1_0 where u1_0.user_id=?
[2026-01-19 13:51:41.294] DEBUG [http-nio-8080-exec-9] org.hibernate.SQL - select u1_0.user_id,u1_0.name,u1_0.nickname,u1_0.password,u1_0.phone,u1_0.username from users u1_0 where u1_0.user_id=?
[2026-01-19 13:51:41.295] DEBUG [http-nio-8080-exec-9] org.hibernate.SQL - select u1_0.user_id,u1_0.name,u1_0.nickname,u1_0.password,u1_0.phone,u1_0.username from users u1_0 where u1_0.user_id=?
[2026-01-19 13:51:41.296] DEBUG [http-nio-8080-exec-9] org.hibernate.SQL - select u1_0.user_id,u1_0.name,u1_0.nickname,u1_0.password,u1_0.phone,u1_0.username from users u1_0 where u1_0.user_id=?
[2026-01-19 13:51:41.296] DEBUG [http-nio-8080-exec-9] org.hibernate.SQL - select u1_0.user_id,u1_0.name,u1_0.nickname,u1_0.password,u1_0.phone,u1_0.username from users u1_0 where u1_0.user_id=?
[2026-01-19 13:51:41.296] DEBUG [http-nio-8080-exec-9] org.hibernate.SQL - select u1_0.user_id,u1_0.name,u1_0.nickname,u1_0.password,u1_0.phone,u1_0.username from users u1_0 where u1_0.user_id=?
[2026-01-19 13:51:41.297] DEBUG [http-nio-8080-exec-9] org.hibernate.SQL - select u1_0.user_id,u1_0.name,u1_0.nickname,u1_0.password,u1_0.phone,u1_0.username from users u1_0 where u1_0.user_id=?
[2026-01-19 13:51:41.298] DEBUG [http-nio-8080-exec-9] org.hibernate.SQL - select u1_0.user_id,u1_0.name,u1_0.nickname,u1_0.password,u1_0.phone,u1_0.username from users u1_0 where u1_0.user_id=?
[2026-01-19 13:51:41.298] DEBUG [http-nio-8080-exec-9] org.hibernate.SQL - select u1_0.user_id,u1_0.name,u1_0.nickname,u1_0.password,u1_0.phone,u1_0.username from users u1_0 where u1_0.user_id=?
[2026-01-19 13:51:41.298] DEBUG [http-nio-8080-exec-9] org.hibernate.SQL - select u1_0.user_id,u1_0.name,u1_0.nickname,u1_0.password,u1_0.phone,u1_0.username from users u1_0 where u1_0.user_id=?
[2026-01-19 13:51:41.300] DEBUG [http-nio-8080-exec-9] org.hibernate.SQL - select u1_0.user_id,u1_0.name,u1_0.nickname,u1_0.password,u1_0.phone,u1_0.username from users u1_0 where u1_0.user_id=?
[2026-01-19 13:51:41.301] DEBUG [http-nio-8080-exec-9] org.hibernate.SQL - select u1_0.user_id,u1_0.name,u1_0.nickname,u1_0.password,u1_0.phone,u1_0.username from users u1_0 where u1_0.user_id=?
[2026-01-19 13:51:41.301] DEBUG [http-nio-8080-exec-9] org.hibernate.SQL - select u1_0.user_id,u1_0.name,u1_0.nickname,u1_0.password,u1_0.phone,u1_0.username from users u1_0 where u1_0.user_id=?
[2026-01-19 13:51:41.302] DEBUG [http-nio-8080-exec-9] org.hibernate.SQL - select u1_0.user_id,u1_0.name,u1_0.nickname,u1_0.password,u1_0.phone,u1_0.username from users u1_0 where u1_0.user_id=?
[2026-01-19 13:51:41.302] DEBUG [http-nio-8080-exec-9] org.hibernate.SQL - select p1_0.room_id,p1_0.participant_id,p1_0.user_id from league_room_participants p1_0 where p1_0.room_id=?
[2026-01-19 13:51:44.991] DEBUG [http-nio-8080-exec-1] org.hibernate.SQL - select lr1_0.room_id,lr1_0.advancing_players_per_group,lr1_0.event_date_time,lr1_0.game_type,lr1_0.location,lr1_0.match_format,lr1_0.max_participants,lr1_0.owner_id,o1_0.user_id,o1_0.name,o1_0.nickname,o1_0.password,o1_0.phone,o1_0.username,p1_0.room_id,p1_0.participant_id,p1_0.user_id,u1_0.user_id,u1_0.name,u1_0.nickname,u1_0.password,u1_0.phone,u1_0.username,lr1_0.players_per_group,lr1_0.status,lr1_0.title from league_rooms lr1_0 left join users o1_0 on o1_0.user_id=lr1_0.owner_id left join league_room_participants p1_0 on lr1_0.room_id=p1_0.room_id left join users u1_0 on u1_0.user_id=p1_0.user_id where lr1_0.room_id=?
[2026-01-19 13:51:45.088] DEBUG [http-nio-8080-exec-3] org.hibernate.SQL - select lr1_0.room_id,lr1_0.advancing_players_per_group,lr1_0.event_date_time,lr1_0.game_type,lr1_0.location,lr1_0.match_format,lr1_0.max_participants,lr1_0.owner_id,o1_0.user_id,o1_0.name,o1_0.nickname,o1_0.password,o1_0.phone,o1_0.username,p1_0.room_id,p1_0.participant_id,p1_0.user_id,u1_0.user_id,u1_0.name,u1_0.nickname,u1_0.password,u1_0.phone,u1_0.username,lr1_0.players_per_group,lr1_0.status,lr1_0.title from league_rooms lr1_0 left join users o1_0 on o1_0.user_id=lr1_0.owner_id left join league_room_participants p1_0 on lr1_0.room_id=p1_0.room_id left join users u1_0 on u1_0.user_id=p1_0.user_id where lr1_0.room_id=?
[2026-01-19 13:51:52.005] DEBUG [http-nio-8080-exec-6] org.hibernate.SQL - select lr1_0.room_id,lr1_0.advancing_players_per_group,lr1_0.event_date_time,lr1_0.game_type,lr1_0.location,lr1_0.match_format,lr1_0.max_participants,lr1_0.owner_id,o1_0.user_id,o1_0.name,o1_0.nickname,o1_0.password,o1_0.phone,o1_0.username,lr1_0.players_per_group,lr1_0.status,lr1_0.title from league_rooms lr1_0 join users o1_0 on o1_0.user_id=lr1_0.owner_id
[2026-01-19 13:51:52.006] DEBUG [http-nio-8080-exec-6] org.hibernate.SQL - select p1_0.room_id,p1_0.participant_id,p1_0.user_id from league_room_participants p1_0 where p1_0.room_id=?
[2026-01-19 13:51:52.008] DEBUG [http-nio-8080-exec-6] org.hibernate.SQL - select u1_0.user_id,u1_0.name,u1_0.nickname,u1_0.password,u1_0.phone,u1_0.username from users u1_0 where u1_0.user_id=?
[2026-01-19 13:51:52.009] DEBUG [http-nio-8080-exec-6] org.hibernate.SQL - select u1_0.user_id,u1_0.name,u1_0.nickname,u1_0.password,u1_0.phone,u1_0.username from users u1_0 where u1_0.user_id=?
[2026-01-19 13:51:52.010] DEBUG [http-nio-8080-exec-6] org.hibernate.SQL - select u1_0.user_id,u1_0.name,u1_0.nickname,u1_0.password,u1_0.phone,u1_0.username from users u1_0 where u1_0.user_id=?
[2026-01-19 13:51:52.010] DEBUG [http-nio-8080-exec-6] org.hibernate.SQL - select u1_0.user_id,u1_0.name,u1_0.nickname,u1_0.password,u1_0.phone,u1_0.username from users u1_0 where u1_0.user_id=?
[2026-01-19 13:51:52.011] DEBUG [http-nio-8080-exec-6] org.hibernate.SQL - select u1_0.user_id,u1_0.name,u1_0.nickname,u1_0.password,u1_0.phone,u1_0.username from users u1_0 where u1_0.user_id=?
[2026-01-19 13:51:52.011] DEBUG [http-nio-8080-exec-6] org.hibernate.SQL - select u1_0.user_id,u1_0.name,u1_0.nickname,u1_0.password,u1_0.phone,u1_0.username from users u1_0 where u1_0.user_id=?
[2026-01-19 13:51:52.012] DEBUG [http-nio-8080-exec-6] org.hibernate.SQL - select u1_0.user_id,u1_0.name,u1_0.nickname,u1_0.password,u1_0.phone,u1_0.username from users u1_0 where u1_0.user_id=?
[2026-01-19 13:51:52.012] DEBUG [http-nio-8080-exec-6] org.hibernate.SQL - select u1_0.user_id,u1_0.name,u1_0.nickname,u1_0.password,u1_0.phone,u1_0.username from users u1_0 where u1_0.user_id=?
[2026-01-19 13:51:52.013] DEBUG [http-nio-8080-exec-6] org.hibernate.SQL - select u1_0.user_id,u1_0.name,u1_0.nickname,u1_0.password,u1_0.phone,u1_0.username from users u1_0 where u1_0.user_id=?
[2026-01-19 13:51:52.014] DEBUG [http-nio-8080-exec-6] org.hibernate.SQL - select u1_0.user_id,u1_0.name,u1_0.nickname,u1_0.password,u1_0.phone,u1_0.username from users u1_0 where u1_0.user_id=?
[2026-01-19 13:51:52.014] DEBUG [http-nio-8080-exec-6] org.hibernate.SQL - select u1_0.user_id,u1_0.name,u1_0.nickname,u1_0.password,u1_0.phone,u1_0.username from users u1_0 where u1_0.user_id=?
[2026-01-19 13:51:52.014] DEBUG [http-nio-8080-exec-6] org.hibernate.SQL - select u1_0.user_id,u1_0.name,u1_0.nickname,u1_0.password,u1_0.phone,u1_0.username from users u1_0 where u1_0.user_id=?
[2026-01-19 13:51:52.015] DEBUG [http-nio-8080-exec-6] org.hibernate.SQL - select u1_0.user_id,u1_0.name,u1_0.nickname,u1_0.password,u1_0.phone,u1_0.username from users u1_0 where u1_0.user_id=?
[2026-01-19 13:51:52.016] DEBUG [http-nio-8080-exec-6] org.hibernate.SQL - select u1_0.user_id,u1_0.name,u1_0.nickname,u1_0.password,u1_0.phone,u1_0.username from users u1_0 where u1_0.user_id=?
[2026-01-19 13:51:52.016] DEBUG [http-nio-8080-exec-6] org.hibernate.SQL - select u1_0.user_id,u1_0.name,u1_0.nickname,u1_0.password,u1_0.phone,u1_0.username from users u1_0 where u1_0.user_id=?
[2026-01-19 13:51:52.017] DEBUG [http-nio-8080-exec-6] org.hibernate.SQL - select u1_0.user_id,u1_0.name,u1_0.nickname,u1_0.password,u1_0.phone,u1_0.username from users u1_0 where u1_0.user_id=?
[2026-01-19 13:51:52.017] DEBUG [http-nio-8080-exec-6] org.hibernate.SQL - select u1_0.user_id,u1_0.name,u1_0.nickname,u1_0.password,u1_0.phone,u1_0.username from users u1_0 where u1_0.user_id=?
[2026-01-19 13:51:52.017] DEBUG [http-nio-8080-exec-6] org.hibernate.SQL - select u1_0.user_id,u1_0.name,u1_0.nickname,u1_0.password,u1_0.phone,u1_0.username from users u1_0 where u1_0.user_id=?
[2026-01-19 13:51:52.018] DEBUG [http-nio-8080-exec-6] org.hibernate.SQL - select u1_0.user_id,u1_0.name,u1_0.nickname,u1_0.password,u1_0.phone,u1_0.username from users u1_0 where u1_0.user_id=?
[2026-01-19 13:51:52.018] DEBUG [http-nio-8080-exec-6] org.hibernate.SQL - select u1_0.user_id,u1_0.name,u1_0.nickname,u1_0.password,u1_0.phone,u1_0.username from users u1_0 where u1_0.user_id=?
[2026-01-19 13:51:52.018] DEBUG [http-nio-8080-exec-6] org.hibernate.SQL - select p1_0.room_id,p1_0.participant_id,p1_0.user_id from league_room_participants p1_0 where p1_0.room_id=?
[2026-01-19 13:51:55.633] DEBUG [http-nio-8080-exec-7] org.hibernate.SQL - select lr1_0.room_id,lr1_0.advancing_players_per_group,lr1_0.event_date_time,lr1_0.game_type,lr1_0.location,lr1_0.match_format,lr1_0.max_participants,lr1_0.owner_id,o1_0.user_id,o1_0.name,o1_0.nickname,o1_0.password,o1_0.phone,o1_0.username,p1_0.room_id,p1_0.participant_id,p1_0.user_id,u1_0.user_id,u1_0.name,u1_0.nickname,u1_0.password,u1_0.phone,u1_0.username,lr1_0.players_per_group,lr1_0.status,lr1_0.title from league_rooms lr1_0 left join users o1_0 on o1_0.user_id=lr1_0.owner_id left join league_room_participants p1_0 on lr1_0.room_id=p1_0.room_id left join users u1_0 on u1_0.user_id=p1_0.user_id where lr1_0.room_id=?
[2026-01-19 13:51:55.691] DEBUG [http-nio-8080-exec-10] org.hibernate.SQL - select lr1_0.room_id,lr1_0.advancing_players_per_group,lr1_0.event_date_time,lr1_0.game_type,lr1_0.location,lr1_0.match_format,lr1_0.max_participants,lr1_0.owner_id,o1_0.user_id,o1_0.name,o1_0.nickname,o1_0.password,o1_0.phone,o1_0.username,p1_0.room_id,p1_0.participant_id,p1_0.user_id,u1_0.user_id,u1_0.name,u1_0.nickname,u1_0.password,u1_0.phone,u1_0.username,lr1_0.players_per_group,lr1_0.status,lr1_0.title from league_rooms lr1_0 left join users o1_0 on o1_0.user_id=lr1_0.owner_id left join league_room_participants p1_0 on lr1_0.room_id=p1_0.room_id left join users u1_0 on u1_0.user_id=p1_0.user_id where lr1_0.room_id=?
[2026-01-19 13:51:58.047] DEBUG [http-nio-8080-exec-2] org.hibernate.SQL - select lr1_0.room_id,lr1_0.advancing_players_per_group,lr1_0.event_date_time,lr1_0.game_type,lr1_0.location,lr1_0.match_format,lr1_0.max_participants,lr1_0.owner_id,o1_0.user_id,o1_0.name,o1_0.nickname,o1_0.password,o1_0.phone,o1_0.username,lr1_0.players_per_group,lr1_0.status,lr1_0.title from league_rooms lr1_0 join users o1_0 on o1_0.user_id=lr1_0.owner_id
[2026-01-19 13:51:58.049] DEBUG [http-nio-8080-exec-2] org.hibernate.SQL - select p1_0.room_id,p1_0.participant_id,p1_0.user_id from league_room_participants p1_0 where p1_0.room_id=?
[2026-01-19 13:51:58.051] DEBUG [http-nio-8080-exec-2] org.hibernate.SQL - select u1_0.user_id,u1_0.name,u1_0.nickname,u1_0.password,u1_0.phone,u1_0.username from users u1_0 where u1_0.user_id=?
[2026-01-19 13:51:58.051] DEBUG [http-nio-8080-exec-2] org.hibernate.SQL - select u1_0.user_id,u1_0.name,u1_0.nickname,u1_0.password,u1_0.phone,u1_0.username from users u1_0 where u1_0.user_id=?
[2026-01-19 13:51:58.052] DEBUG [http-nio-8080-exec-2] org.hibernate.SQL - select u1_0.user_id,u1_0.name,u1_0.nickname,u1_0.password,u1_0.phone,u1_0.username from users u1_0 where u1_0.user_id=?
[2026-01-19 13:51:58.052] DEBUG [http-nio-8080-exec-2] org.hibernate.SQL - select u1_0.user_id,u1_0.name,u1_0.nickname,u1_0.password,u1_0.phone,u1_0.username from users u1_0 where u1_0.user_id=?
[2026-01-19 13:51:58.052] DEBUG [http-nio-8080-exec-2] org.hibernate.SQL - select u1_0.user_id,u1_0.name,u1_0.nickname,u1_0.password,u1_0.phone,u1_0.username from users u1_0 where u1_0.user_id=?
[2026-01-19 13:51:58.053] DEBUG [http-nio-8080-exec-2] org.hibernate.SQL - select u1_0.user_id,u1_0.name,u1_0.nickname,u1_0.password,u1_0.phone,u1_0.username from users u1_0 where u1_0.user_id=?
[2026-01-19 13:51:58.053] DEBUG [http-nio-8080-exec-2] org.hibernate.SQL - select u1_0.user_id,u1_0.name,u1_0.nickname,u1_0.password,u1_0.phone,u1_0.username from users u1_0 where u1_0.user_id=?
[2026-01-19 13:51:58.054] DEBUG [http-nio-8080-exec-2] org.hibernate.SQL - select u1_0.user_id,u1_0.name,u1_0.nickname,u1_0.password,u1_0.phone,u1_0.username from users u1_0 where u1_0.user_id=?
[2026-01-19 13:51:58.054] DEBUG [http-nio-8080-exec-2] org.hibernate.SQL - select u1_0.user_id,u1_0.name,u1_0.nickname,u1_0.password,u1_0.phone,u1_0.username from users u1_0 where u1_0.user_id=?
[2026-01-19 13:51:58.054] DEBUG [http-nio-8080-exec-2] org.hibernate.SQL - select u1_0.user_id,u1_0.name,u1_0.nickname,u1_0.password,u1_0.phone,u1_0.username from users u1_0 where u1_0.user_id=?
[2026-01-19 13:51:58.055] DEBUG [http-nio-8080-exec-2] org.hibernate.SQL - select u1_0.user_id,u1_0.name,u1_0.nickname,u1_0.password,u1_0.phone,u1_0.username from users u1_0 where u1_0.user_id=?
[2026-01-19 13:51:58.056] DEBUG [http-nio-8080-exec-2] org.hibernate.SQL - select u1_0.user_id,u1_0.name,u1_0.nickname,u1_0.password,u1_0.phone,u1_0.username from users u1_0 where u1_0.user_id=?
[2026-01-19 13:51:58.057] DEBUG [http-nio-8080-exec-2] org.hibernate.SQL - select u1_0.user_id,u1_0.name,u1_0.nickname,u1_0.password,u1_0.phone,u1_0.username from users u1_0 where u1_0.user_id=?
[2026-01-19 13:51:58.058] DEBUG [http-nio-8080-exec-2] org.hibernate.SQL - select u1_0.user_id,u1_0.name,u1_0.nickname,u1_0.password,u1_0.phone,u1_0.username from users u1_0 where u1_0.user_id=?
[2026-01-19 13:51:58.058] DEBUG [http-nio-8080-exec-2] org.hibernate.SQL - select u1_0.user_id,u1_0.name,u1_0.nickname,u1_0.password,u1_0.phone,u1_0.username from users u1_0 where u1_0.user_id=?
[2026-01-19 13:51:58.059] DEBUG [http-nio-8080-exec-2] org.hibernate.SQL - select u1_0.user_id,u1_0.name,u1_0.nickname,u1_0.password,u1_0.phone,u1_0.username from users u1_0 where u1_0.user_id=?
[2026-01-19 13:51:58.059] DEBUG [http-nio-8080-exec-2] org.hibernate.SQL - select u1_0.user_id,u1_0.name,u1_0.nickname,u1_0.password,u1_0.phone,u1_0.username from users u1_0 where u1_0.user_id=?
[2026-01-19 13:51:58.060] DEBUG [http-nio-8080-exec-2] org.hibernate.SQL - select u1_0.user_id,u1_0.name,u1_0.nickname,u1_0.password,u1_0.phone,u1_0.username from users u1_0 where u1_0.user_id=?
[2026-01-19 13:51:58.061] DEBUG [http-nio-8080-exec-2] org.hibernate.SQL - select u1_0.user_id,u1_0.name,u1_0.nickname,u1_0.password,u1_0.phone,u1_0.username from users u1_0 where u1_0.user_id=?
[2026-01-19 13:51:58.062] DEBUG [http-nio-8080-exec-2] org.hibernate.SQL - select u1_0.user_id,u1_0.name,u1_0.nickname,u1_0.password,u1_0.phone,u1_0.username from users u1_0 where u1_0.user_id=?
[2026-01-19 13:51:58.062] DEBUG [http-nio-8080-exec-2] org.hibernate.SQL - select p1_0.room_id,p1_0.participant_id,p1_0.user_id from league_room_participants p1_0 where p1_0.room_id=?
[2026-01-19 13:52:56.382] INFO  [SpringApplicationShutdownHook] o.s.b.w.e.tomcat.GracefulShutdown - Commencing graceful shutdown. Waiting for active requests to complete
[2026-01-19 13:52:56.388] INFO  [tomcat-shutdown] o.s.b.w.e.tomcat.GracefulShutdown - Graceful shutdown complete
[2026-01-19 13:52:57.530] INFO  [SpringApplicationShutdownHook] o.s.o.j.LocalContainerEntityManagerFactoryBean - Closing JPA EntityManagerFactory for persistence unit 'default'
[2026-01-19 13:52:57.537] INFO  [SpringApplicationShutdownHook] com.zaxxer.hikari.HikariDataSource - HikariPool-1 - Shutdown initiated...
[2026-01-19 13:52:57.539] INFO  [SpringApplicationShutdownHook] com.zaxxer.hikari.HikariDataSource - HikariPool-1 - Shutdown completed.
